2000.04.22 14:36 B c:\work\objframe\src\objframe\BeamPropDlg.cpp <-- silva /bm/bmjl/Work/objframe/src/objframe BeamPropDlg.cpp
2000.04.22 14:36 B c:\work\objframe\src\objframe\BeamPropDlg.fl <-- silva /bm/bmjl/Work/objframe/src/objframe BeamPropDlg.fl
2000.04.22 14:36 B c:\work\objframe\src\objframe\BeamPropDlg.h <-- silva /bm/bmjl/Work/objframe/src/objframe BeamPropDlg.h
2000.04.22 14:36 B c:\work\objframe\src\objframe\common.h <-- silva /bm/bmjl/Work/objframe/src/objframe common.h
2000.04.22 14:36 B c:\work\objframe\src\objframe\cvstatic.fileset <-- silva /bm/bmjl/Work/objframe/src/objframe cvstatic.fileset
2000.04.22 14:36 B c:\work\objframe\src\objframe\DialogMgr.cpp <-- silva /bm/bmjl/Work/objframe/src/objframe DialogMgr.cpp
2000.04.22 14:36 B c:\work\objframe\src\objframe\DialogMgr.h <-- silva /bm/bmjl/Work/objframe/src/objframe DialogMgr.h
2000.04.22 14:36 B c:\work\objframe\src\objframe\ElementLoadDlg.cpp <-- silva /bm/bmjl/Work/objframe/src/objframe ElementLoadDlg.cpp
2000.04.22 14:36 B c:\work\objframe\src\objframe\ElementLoadDlg.fl <-- silva /bm/bmjl/Work/objframe/src/objframe ElementLoadDlg.fl
2000.04.22 14:36 B c:\work\objframe\src\objframe\ElementLoadDlg.h <-- silva /bm/bmjl/Work/objframe/src/objframe ElementLoadDlg.h
2000.04.22 14:36 B c:\work\objframe\src\objframe\ElementLoadsDlg.cpp <-- silva /bm/bmjl/Work/objframe/src/objframe ElementLoadsDlg.cpp
2000.04.22 14:36 B c:\work\objframe\src\objframe\ElementLoadsDlg.fl <-- silva /bm/bmjl/Work/objframe/src/objframe ElementLoadsDlg.fl
2000.04.22 14:36 B c:\work\objframe\src\objframe\ElementLoadsDlg.h <-- silva /bm/bmjl/Work/objframe/src/objframe ElementLoadsDlg.h
2000.04.22 14:36 B c:\work\objframe\src\objframe\frame.df3 <-- silva /bm/bmjl/Work/objframe/src/objframe frame.df3
2000.04.22 14:36 B c:\work\objframe\src\objframe\frame2.df3 <-- silva /bm/bmjl/Work/objframe/src/objframe frame2.df3
2000.04.22 14:36 B c:\work\objframe\src\objframe\IvfArea2D.cpp <-- silva /bm/bmjl/Work/objframe/src/objframe IvfArea2D.cpp
2000.04.22 14:36 B c:\work\objframe\src\objframe\IvfArea2D.h <-- silva /bm/bmjl/Work/objframe/src/objframe IvfArea2D.h
2000.04.22 14:36 B c:\work\objframe\src\objframe\IvfButtonGroup.cpp <-- silva /bm/bmjl/Work/objframe/src/objframe IvfButtonGroup.cpp
2000.04.22 14:36 B c:\work\objframe\src\objframe\IvfButtonGroup.h <-- silva /bm/bmjl/Work/objframe/src/objframe IvfButtonGroup.h
2000.04.22 14:36 B c:\work\objframe\src\objframe\IvfFemWidget.cpp <-- silva /bm/bmjl/Work/objframe/src/objframe IvfFemWidget.cpp
2000.04.22 14:36 B c:\work\objframe\src\objframe\IvfFemWidget.h <-- silva /bm/bmjl/Work/objframe/src/objframe IvfFemWidget.h
2000.04.22 14:36 B c:\work\objframe\src\objframe\IvfPlaneButton.cpp <-- silva /bm/bmjl/Work/objframe/src/objframe IvfPlaneButton.cpp
2000.04.22 14:36 B c:\work\objframe\src\objframe\IvfPlaneButton.h <-- silva /bm/bmjl/Work/objframe/src/objframe IvfPlaneButton.h
2000.04.22 14:36 B c:\work\objframe\src\objframe\LoadsDlg.fl <-- silva /bm/bmjl/Work/objframe/src/objframe LoadsDlg.fl
2000.04.22 14:36 B c:\work\objframe\src\objframe\main.cpp <-- silva /bm/bmjl/Work/objframe/src/objframe main.cpp
2000.04.22 14:36 B c:\work\objframe\src\objframe\MainFrame.cpp <-- silva /bm/bmjl/Work/objframe/src/objframe MainFrame.cpp
2000.04.22 14:36 B c:\work\objframe\src\objframe\MainFrame.fl <-- silva /bm/bmjl/Work/objframe/src/objframe MainFrame.fl
2000.04.22 14:36 B c:\work\objframe\src\objframe\MainFrame.h <-- silva /bm/bmjl/Work/objframe/src/objframe MainFrame.h
2000.04.22 14:36 B c:\work\objframe\src\objframe\Makefile <-- silva /bm/bmjl/Work/objframe/src/objframe Makefile
2000.04.22 14:36 B c:\work\objframe\src\objframe\MaterialDlg.cpp <-- silva /bm/bmjl/Work/objframe/src/objframe MaterialDlg.cpp
2000.04.22 14:36 B c:\work\objframe\src\objframe\MaterialDlg.fl <-- silva /bm/bmjl/Work/objframe/src/objframe MaterialDlg.fl
2000.04.22 14:36 B c:\work\objframe\src\objframe\MaterialDlg.h <-- silva /bm/bmjl/Work/objframe/src/objframe MaterialDlg.h
2000.04.22 14:36 B c:\work\objframe\src\objframe\MaterialsDlg.cpp <-- silva /bm/bmjl/Work/objframe/src/objframe MaterialsDlg.cpp
2000.04.22 14:36 B c:\work\objframe\src\objframe\MaterialsDlg.fl <-- silva /bm/bmjl/Work/objframe/src/objframe MaterialsDlg.fl
2000.04.22 14:36 B c:\work\objframe\src\objframe\MaterialsDlg.h <-- silva /bm/bmjl/Work/objframe/src/objframe MaterialsDlg.h
2000.04.22 14:36 B c:\work\objframe\src\objframe\NodeBCDlg.cpp <-- silva /bm/bmjl/Work/objframe/src/objframe NodeBCDlg.cpp
2000.04.22 14:36 B c:\work\objframe\src\objframe\NodeBCDlg.fl <-- silva /bm/bmjl/Work/objframe/src/objframe NodeBCDlg.fl
2000.04.22 14:36 B c:\work\objframe\src\objframe\NodeBCDlg.h <-- silva /bm/bmjl/Work/objframe/src/objframe NodeBCDlg.h
2000.04.22 14:36 B c:\work\objframe\src\objframe\NodeBCsDlg.cpp <-- silva /bm/bmjl/Work/objframe/src/objframe NodeBCsDlg.cpp
2000.04.22 14:36 B c:\work\objframe\src\objframe\NodeBCsDlg.fl <-- silva /bm/bmjl/Work/objframe/src/objframe NodeBCsDlg.fl
2000.04.22 14:36 B c:\work\objframe\src\objframe\NodeBCsDlg.h <-- silva /bm/bmjl/Work/objframe/src/objframe NodeBCsDlg.h
2000.04.22 14:36 B c:\work\objframe\src\objframe\NodeLoadDlg.cpp <-- silva /bm/bmjl/Work/objframe/src/objframe NodeLoadDlg.cpp
2000.04.22 14:36 B c:\work\objframe\src\objframe\NodeLoadDlg.fl <-- silva /bm/bmjl/Work/objframe/src/objframe NodeLoadDlg.fl
2000.04.22 14:36 B c:\work\objframe\src\objframe\NodeLoadDlg.h <-- silva /bm/bmjl/Work/objframe/src/objframe NodeLoadDlg.h
2000.04.22 14:36 B c:\work\objframe\src\objframe\NodeLoadsDlg.cpp <-- silva /bm/bmjl/Work/objframe/src/objframe NodeLoadsDlg.cpp
2000.04.22 14:36 B c:\work\objframe\src\objframe\NodeLoadsDlg.fl <-- silva /bm/bmjl/Work/objframe/src/objframe NodeLoadsDlg.fl
2000.04.22 14:36 B c:\work\objframe\src\objframe\NodeLoadsDlg.h <-- silva /bm/bmjl/Work/objframe/src/objframe NodeLoadsDlg.h
2000.04.22 14:36 B c:\work\objframe\src\objframe\NodePropDlg.cpp <-- silva /bm/bmjl/Work/objframe/src/objframe NodePropDlg.cpp
2000.04.22 14:36 B c:\work\objframe\src\objframe\NodePropDlg.fl <-- silva /bm/bmjl/Work/objframe/src/objframe NodePropDlg.fl
2000.04.22 14:36 B c:\work\objframe\src\objframe\NodePropDlg.h <-- silva /bm/bmjl/Work/objframe/src/objframe NodePropDlg.h
2000.04.22 14:36 B c:\work\objframe\src\objframe\objframe.pro <-- silva /bm/bmjl/Work/objframe/src/objframe objframe.pro
2000.04.22 14:36 B c:\work\objframe\src\objframe\simple.df3 <-- silva /bm/bmjl/Work/objframe/src/objframe simple.df3
2000.04.22 14:36 B c:\work\objframe\src\objframe\test.df3 <-- silva /bm/bmjl/Work/objframe/src/objframe test.df3
2000.04.22 14:36 B c:\work\objframe\src\objframe\WorkspaceDlg.cpp <-- silva /bm/bmjl/Work/objframe/src/objframe WorkspaceDlg.cpp
2000.04.22 14:36 B c:\work\objframe\src\objframe\WorkspaceDlg.fl <-- silva /bm/bmjl/Work/objframe/src/objframe WorkspaceDlg.fl
2000.04.22 14:36 B c:\work\objframe\src\objframe\WorkspaceDlg.h <-- silva /bm/bmjl/Work/objframe/src/objframe WorkspaceDlg.h
