2000.04.22 14:36 B c:\work\objframe\src\objframe\images\button.rgb <-- silva /bm/bmjl/Work/objframe/src/objframe/images button.rgb
2000.04.22 14:36 B c:\work\objframe\src\objframe\images\grid.rgb <-- silva /bm/bmjl/Work/objframe/src/objframe/images grid.rgb
2000.04.22 14:36 B c:\work\objframe\src\objframe\images\test.rgb <-- silva /bm/bmjl/Work/objframe/src/objframe/images test.rgb
2000.04.22 14:36 B c:\work\objframe\src\objframe\images\tlarrow.rgb <-- silva /bm/bmjl/Work/objframe/src/objframe/images tlarrow.rgb
2000.04.22 14:36 B c:\work\objframe\src\objframe\images\tlbc.rgb <-- silva /bm/bmjl/Work/objframe/src/objframe/images tlbc.rgb
2000.04.22 14:36 B c:\work\objframe\src\objframe\images\tlcenterselected.bmp <-- silva /bm/bmjl/Work/objframe/src/objframe/images tlcenterselected.bmp
2000.04.22 14:36 B c:\work\objframe\src\objframe\images\tlcenterselected.rgb <-- silva /bm/bmjl/Work/objframe/src/objframe/images tlcenterselected.rgb
2000.04.22 14:36 B c:\work\objframe\src\objframe\images\tldelete.rgb <-- silva /bm/bmjl/Work/objframe/src/objframe/images tldelete.rgb
2000.04.22 14:36 B c:\work\objframe\src\objframe\images\tldload.rgb <-- silva /bm/bmjl/Work/objframe/src/objframe/images tldload.rgb
2000.04.22 14:36 B c:\work\objframe\src\objframe\images\tlinspect.rgb <-- silva /bm/bmjl/Work/objframe/src/objframe/images tlinspect.rgb
2000.04.22 14:36 B c:\work\objframe\src\objframe\images\tlmaterials.rgb <-- silva /bm/bmjl/Work/objframe/src/objframe/images tlmaterials.rgb
2000.04.22 14:36 B c:\work\objframe\src\objframe\images\tlmove.rgb <-- silva /bm/bmjl/Work/objframe/src/objframe/images tlmove.rgb
2000.04.22 14:36 B c:\work\objframe\src\objframe\images\tlnode.rgb <-- silva /bm/bmjl/Work/objframe/src/objframe/images tlnode.rgb
2000.04.22 14:36 B c:\work\objframe\src\objframe\images\tlnodeloads.rgb <-- silva /bm/bmjl/Work/objframe/src/objframe/images tlnodeloads.rgb
2000.04.22 14:36 B c:\work\objframe\src\objframe\images\tlselect.rgb <-- silva /bm/bmjl/Work/objframe/src/objframe/images tlselect.rgb
2000.04.22 14:36 B c:\work\objframe\src\objframe\images\tlsolidline.rgb <-- silva /bm/bmjl/Work/objframe/src/objframe/images tlsolidline.rgb
2000.04.22 14:36 B c:\work\objframe\src\objframe\images\tlview.rgb <-- silva /bm/bmjl/Work/objframe/src/objframe/images tlview.rgb
2000.04.22 14:36 B c:\work\objframe\src\objframe\images\tlviewpan.rgb <-- silva /bm/bmjl/Work/objframe/src/objframe/images tlviewpan.rgb
2000.04.22 14:36 B c:\work\objframe\src\objframe\images\tlviewreset.rgb <-- silva /bm/bmjl/Work/objframe/src/objframe/images tlviewreset.rgb
2000.04.22 14:36 B c:\work\objframe\src\objframe\images\tlviewzoom.rgb <-- silva /bm/bmjl/Work/objframe/src/objframe/images tlviewzoom.rgb
